** Message: 20:00:48.979: environement.vala:58: Exporting primary_variable
** Message: 20:00:48.979: environement.vala:59: desktop_environnement XDG_CURRENT_DESKTOP
** Message: 20:00:48.979: environement.vala:150: confir_dirs is null, export : /etc/xdg
** Message: 20:00:48.979: environement.vala:184: Exporting XDG_CONFIG_DIRS
** Message: 20:00:48.979: environement.vala:218: custom_data :
** Message: 20:00:48.979: environement.vala:219: data_dirs :/usr/share/fkms:/usr/local/share:/usr/share/raspi-ui-overrides:/usr/share:/usr/share/gdm:/var/lib/menu-xdg
** Message: 20:00:48.979: environement.vala:220: data_dirs not null, export : /usr/share/fkms:/usr/local/share:/usr/share/raspi-ui-overrides:/usr/share:/usr/share/gdm:/var/lib/menu-xdg
** Message: 20:00:48.979: environement.vala:225: Exporting XDG_DATA_DIRS
** Message: 20:00:48.980: utils.vala:138: Config system location : /etc/xdg/lxsession/LXDE-pi
** Message: 20:00:48.981: utils.vala:144: System system path location : /etc/xdg/lxsession/LXDE-pi/desktop.conf
** Message: 20:00:48.981: utils.vala:148: Final file used : /etc/xdg/lxsession/LXDE-pi/desktop.conf
** Message: 20:00:48.981: utils.vala:39: Config system location : /etc/xdg/lxsession/LXDE-pi
** Message: 20:00:48.981: utils.vala:45: System system path location : /etc/xdg/lxsession/LXDE-pi/desktop.conf

** (lxsession:613): WARNING **: 20:00:48.983: utils.vala:70: No such file or directory
** Message: 20:00:48.983: settings.vala:540: Key file does not have key “iGtk/ColorScheme” in group “GTK”
** Message: 20:00:48.983: settings.vala:540: Key file does not have key “windows_manager/command” in group “Session”
** Message: 20:00:48.983: settings.vala:540: Key file does not have key “panel/command” in group “Session”
** Message: 20:00:48.983: settings.vala:540: Key file does not have key “dock/command” in group “Session”
** Message: 20:00:48.983: settings.vala:540: Key file does not have key “file_manager/command” in group “Session”
** Message: 20:00:48.983: settings.vala:540: Key file does not have key “desktop_manager/command” in group “Session”
** Message: 20:00:48.983: settings.vala:540: Key file does not have key “launcher_manager/autostart” in group “Session”
** Message: 20:00:48.983: settings.vala:540: Key file does not have key “composite_manager/command” in group “Session”
** Message: 20:00:48.983: settings.vala:540: Key file does not have key “im1/command” in group “Session”
** Message: 20:00:48.983: settings.vala:540: Key file does not have key “im2/command” in group “Session”
** Message: 20:00:48.983: settings.vala:540: Key file does not have key “widget1/command” in group “Session”
** Message: 20:00:48.983: settings.vala:540: Key file does not have key “notification/command” in group “Session”
** Message: 20:00:48.983: settings.vala:540: Key file does not have key “keybindings/command” in group “Session”
** Message: 20:00:48.983: settings.vala:540: Key file does not have key “im_manager/command” in group “Session”
** Message: 20:00:48.983: settings.vala:540: Key file does not have key “screensaver/command” in group “Session”
** Message: 20:00:48.983: settings.vala:540: Key file does not have key “power_manager/command” in group “Session”
** Message: 20:00:48.983: settings.vala:540: Key file does not have key “audio_manager/command” in group “Session”
** Message: 20:00:48.983: settings.vala:540: Key file does not have key “workspace_manager/command” in group “Session”
** Message: 20:00:48.984: settings.vala:540: Key file does not have key “screenshot_manager/command” in group “Session”
** Message: 20:00:48.984: settings.vala:540: Key file does not have key “message_manager/command” in group “Session”
** Message: 20:00:48.984: settings.vala:540: Key file does not have key “upgrade_manager/command” in group “Session”
** Message: 20:00:48.984: settings.vala:540: Key file does not have key “updates_manager/command” in group “Session”
** Message: 20:00:48.984: settings.vala:540: Key file does not have key “updates_manager/timeout” in group “Session”
** Message: 20:00:48.984: settings.vala:540: Key file does not have key “crash_manager/command” in group “Session”
** Message: 20:00:48.984: settings.vala:540: Key file does not have key “crash_manager/dev_mode” in group “Session”
** Message: 20:00:48.984: settings.vala:540: Key file does not have key “crash_manager/timeout” in group “Session”
** Message: 20:00:48.984: settings.vala:540: Key file does not have key “upstart_user_session” in group “Session”
** Message: 20:00:48.984: settings.vala:540: Key file does not have key “proxy_manager/http” in group “Session”
** Message: 20:00:48.984: settings.vala:540: Key file does not have key “a11y/command” in group “Session”
** Message: 20:00:48.984: settings.vala:540: Key file does not have key “xrandr/command” in group “Session”
** Message: 20:00:48.984: settings.vala:540: Key file does not have key “network_gui/command” in group “Session”
** Message: 20:00:48.984: settings.vala:540: Key file does not have key “webbrowser/command” in group “Session”
** Message: 20:00:48.984: settings.vala:540: Key file does not have key “email/command” in group “Session”
** Message: 20:00:48.984: settings.vala:540: Key file does not have key “pdf_reader/command” in group “Session”
** Message: 20:00:48.984: settings.vala:540: Key file does not have key “video_player/command” in group “Session”
** Message: 20:00:48.984: settings.vala:540: Key file does not have key “audio_player/command” in group “Session”
** Message: 20:00:48.984: settings.vala:540: Key file does not have key “images_display/command” in group “Session”
** Message: 20:00:48.984: settings.vala:540: Key file does not have key “text_editor/command” in group “Session”
** Message: 20:00:48.985: settings.vala:540: Key file does not have key “archive/command” in group “Session”
** Message: 20:00:48.985: settings.vala:540: Key file does not have key “charmap/command” in group “Session”
** Message: 20:00:48.985: settings.vala:540: Key file does not have key “calculator/command” in group “Session”
** Message: 20:00:48.985: settings.vala:540: Key file does not have key “spreadsheet/command” in group “Session”
** Message: 20:00:48.985: settings.vala:540: Key file does not have key “bittorent/command” in group “Session”
** Message: 20:00:48.985: settings.vala:540: Key file does not have key “document/command” in group “Session”
** Message: 20:00:48.985: settings.vala:540: Key file does not have key “webcam/command” in group “Session”
** Message: 20:00:48.985: settings.vala:540: Key file does not have key “burn/command” in group “Session”
** Message: 20:00:48.985: settings.vala:540: Key file does not have key “notes/command” in group “Session”
** Message: 20:00:48.985: settings.vala:540: Key file does not have key “disk_utility/command” in group “Session”
** Message: 20:00:48.985: settings.vala:540: Key file does not have key “tasks/command” in group “Session”
** Message: 20:00:48.985: settings.vala:540: Key file does not have group “Keymap”
** Message: 20:00:48.985: settings.vala:540: Key file does not have key “laptop_mode” in group “State”
** Message: 20:00:48.985: settings.vala:540: Key file does not have key “gnome” in group “Dbus”
** Message: 20:00:48.985: settings.vala:540: Key file does not have key “type” in group “Environment”
** Message: 20:00:48.985: settings.vala:540: Key file does not have key “ubuntu_menuproxy” in group “Environment”
** Message: 20:00:48.985: settings.vala:540: Key file does not have key “toolkit_integration” in group “Environment”
** Message: 20:00:48.985: settings.vala:540: Key file does not have key “gtk/overlay_scrollbar_disable” in group “Environment”
** Message: 20:00:48.985: settings.vala:540: Key file does not have key “qt/force_theme” in group “Environment”
** Message: 20:00:48.985: settings.vala:540: Key file does not have key “qt/platform” in group “Environment”
** Message: 20:00:48.986: settings.vala:462: Monitoring: /etc/xdg/lxsession/LXDE-pi/desktop.conf
** Message: 20:00:48.986: settings.vala:470: Desktop file is not in config home, monitoring creation of it
** Message: 20:00:48.986: settings.vala:485: Monitoring home path: /home/pi/.config/lxsession/LXDE-pi/desktop.conf
** Message: 20:00:48.986: environement.vala:79: Exporting variable
** Message: 20:00:48.986: environement.vala:80: desktop_environnement XDG_CURRENT_DESKTOP
** Message: 20:00:48.986: environement.vala:177: custom_config :
** Message: 20:00:48.986: environement.vala:178: config_dirs :/etc/xdg
** Message: 20:00:48.986: environement.vala:179: confir_dirs not null, export : /etc/xdg
** Message: 20:00:48.986: environement.vala:184: Exporting XDG_CONFIG_DIRS
** Message: 20:00:48.986: environement.vala:218: custom_data :
** Message: 20:00:48.987: environement.vala:219: data_dirs :/usr/share/fkms:/usr/local/share:/usr/share/raspi-ui-overrides:/usr/share:/usr/share/gdm:/var/lib/menu-xdg
** Message: 20:00:48.987: environement.vala:220: data_dirs not null, export : /usr/share/fkms:/usr/local/share:/usr/share/raspi-ui-overrides:/usr/share:/usr/share/gdm:/var/lib/menu-xdg
** Message: 20:00:48.987: environement.vala:225: Exporting XDG_DATA_DIRS
** Message: 20:00:48.987: utils.vala:39: Config system location : /etc/xdg/lxsession/LXDE-pi
** Message: 20:00:48.987: utils.vala:45: System system path location : /etc/xdg/lxsession/LXDE-pi/desktop.conf

** (lxsession:613): WARNING **: 20:00:48.987: utils.vala:70: No such file or directory
** Message: 20:00:48.987: environement.vala:254: No entry in [Environment_variable]. Key file does not have group “Environment_variable”
** Message: 20:00:48.992: utils.vala:138: Config system location : /etc/xdg/lxsession/LXDE-pi
** Message: 20:00:48.992: utils.vala:144: System system path location : /etc/xdg/lxsession/LXDE-pi/conffiles.conf
** Message: 20:00:48.992: utils.vala:148: Final file used : /etc/xdg/lxsession/LXDE-pi/conffiles.conf
** Message: 20:00:48.992: options.vala:164: Activate xsettings_manager build-in
** Message: 20:00:48.992: utils.vala:39: Config system location : /etc/xdg/lxsession/LXDE-pi
** Message: 20:00:48.992: utils.vala:45: System system path location : /etc/xdg/lxsession/LXDE-pi/desktop.conf

** (lxsession:613): WARNING **: 20:00:48.992: utils.vala:70: No such file or directory
xprop:  no such property "_NET_NUMBER_OF_DESKTOPS"
xprop:  no such property "_NET_DESKTOP_NAMES"
** Message: 20:00:49.042: app.vala:721: polkit separate
** Message: 20:00:49.042: app.vala:721: polkit separate
** Message: 20:00:49.055: app.vala:76: Launching lxpolkit 
** Message: 20:00:49.055: utils.vala:138: Config system location : /etc/xdg/lxsession/LXDE-pi
** Message: 20:00:49.055: utils.vala:144: System system path location : /etc/xdg/lxsession/LXDE-pi/autostart
** Message: 20:00:49.055: utils.vala:148: Final file used : /etc/xdg/lxsession/LXDE-pi/autostart
** Message: 20:00:49.055: autostart.vala:42: Autostart path : /etc/xdg/lxsession/LXDE-pi/autostart
** Message: 20:00:49.073: app.vala:76: Launching lxpanel 
** Message: 20:00:49.100: app.vala:76: Launching pcmanfm 
** Message: 20:00:49.127: app.vala:76: Launching picom 

** (lxsession:613): WARNING **: 20:00:49.155: app.vala:86: Failed to execute child process “xscreensaver” (No such file or directory)

** (lxsession:613): WARNING **: 20:00:49.155: app.vala:87: Error when launching xscreensaver

** (lxsession:613): WARNING **: 20:00:49.161: app.vala:86: Failed to execute child process “point-rpi” (No such file or directory)

** (lxsession:613): WARNING **: 20:00:49.161: app.vala:87: Error when launching point-rpi
** Message: 20:00:49.180: app.vala:76: Launching xset 
** Message: 20:00:49.186: app.vala:76: Launching xset 
** Message: 20:00:49.194: app.vala:76: Launching xset 
** Message: 20:00:49.212: app.vala:76: Launching /usr/local/bin/openauto 
** Message: 20:00:49.222: app.vala:76: Launching /usr/local/bin/controller_service_watchdog.sh 
** Message: 20:00:49.243: options.vala:107: Create build-in Clipboard
picom doesn't accept positional arguments.
** Message: 20:00:49.564: main.vala:441: Check keymap_mode (null)
** Message: 20:00:49.568: app.vala:76: Launching /usr/bin/ssh-agent 
crtc 0:     1280x720  60.00 +0+0 "HDMI-1"
SSH_AUTH_SOCK=/tmp/ssh-F6kH7iIwiZhu/agent.738; export SSH_AUTH_SOCK;
SSH_AGENT_PID=741; export SSH_AGENT_PID;
echo Agent pid 741;
** Message: 20:00:49.592: app.vala:130: picom exit with this type of exit: 256
** Message: 20:00:49.592: app.vala:145: Exit normal, don't reload
** Message: 20:00:49.592: app.vala:130: xset exit with this type of exit: 0
** Message: 20:00:49.593: app.vala:130: xset exit with this type of exit: 0
** Message: 20:00:49.593: app.vala:130: xset exit with this type of exit: 0
** Message: 20:00:49.593: app.vala:130: /usr/bin/ssh-agent exit with this type of exit: 0
[2021-11-15 20:00:49.339191] [0xb6fdf1c0] [info]    [OpenAuto] [ControllerService] version: 14.0
[2021-11-15 20:00:49.580177] [0xb6fdf1c0] [info]    [OpenAuto] [ControllerService] Unable to start service for controller type: 0
** Message: 20:00:49.642: app.vala:130: /usr/local/bin/controller_service_watchdog.sh exit with this type of exit: 0
** Message: 20:00:49.804: x-terminal-emulator has very limited support, consider choose another terminal
** Message: 20:00:49.804: x-terminal-emulator has very limited support, consider choose another terminal
Openbox-Message: Unable to find a valid menu file "/usr/share/lxde/openbox/menu.xml"
** Message: 20:00:52.360: Connecting ...
** Message: 20:00:52.360: Status changed to down
qt5ct: using qt5ct plugin
Unit pt-device-manager.service could not be found.

** (lxpanel:682): WARNING **: 20:00:52.545: Battery 0 not found
** Message: 20:00:53.362: Status changed to opened
** Message: 20:00:53.362: Connected to dhcpcd-8.1.2
** Message: 20:00:53.364: Status changed to connecting
** Message: 20:00:53.364: eth0: Link is down
** Message: 20:00:53.364: wlan0: Associated with Bbox-8FC48173
** Message: 20:00:53.365: wlan0: WPA status connected
** Message: 20:00:53.366: wlan0: Received scan results
** Message: 20:00:55.183: wlan0: Configured 192.168.1.68/24
** Message: 20:00:55.183: Status changed to connected
libpng warning: iCCP: CRC error
libpng warning: iCCP: CRC error
libpng warning: iCCP: CRC error
libpng warning: iCCP: CRC error
libpng warning: iCCP: CRC error
libpng warning: iCCP: CRC error
libpng warning: iCCP: CRC error
libpng warning: iCCP: CRC error
libpng warning: iCCP: CRC error
libpng warning: iCCP: CRC error
libpng warning: iCCP: CRC error
libpng warning: iCCP: CRC error
libpng warning: iCCP: CRC error
libpng warning: iCCP: CRC error
** Message: 20:00:59.274: wlan0: Disassociated from Bbox-8FC48173
** Message: 20:00:59.276: Status changed to disconnected
** Message: 20:00:59.277: wlan0: Associated with Bbox-8FC48173
** Message: 20:00:59.278: Status changed to connecting
** Message: 20:01:04.543: wlan0: Configured 192.168.1.68/24
** Message: 20:01:04.543: Status changed to connected
** Message: 20:02:12.234: wlan0: Received scan results
** Message: 20:03:12.240: wlan0: Received scan results
** Message: 20:04:12.242: wlan0: Received scan results
** Message: 20:05:12.160: wlan0: Received scan results
** Message: 20:06:12.242: wlan0: Received scan results
** Message: 20:07:12.161: wlan0: Received scan results
** Message: 20:08:12.256: wlan0: Received scan results
** Message: 20:09:12.175: wlan0: Received scan results
** Message: 20:10:12.165: wlan0: Received scan results
** Message: 20:11:12.171: wlan0: Received scan results
** Message: 20:12:12.265: wlan0: Received scan results
** Message: 20:13:12.256: wlan0: Received scan results
** Message: 20:14:12.247: wlan0: Received scan results
** Message: 20:15:12.262: wlan0: Received scan results
** Message: 20:16:12.261: wlan0: Received scan results
** Message: 20:17:12.244: wlan0: Received scan results
** Message: 20:18:12.179: wlan0: Received scan results
** Message: 20:19:12.259: wlan0: Received scan results
** Message: 20:20:12.248: wlan0: Received scan results
** Message: 20:21:12.255: wlan0: Received scan results
** Message: 20:22:12.272: wlan0: Received scan results
** Message: 20:23:12.263: wlan0: Received scan results
** Message: 20:24:12.259: wlan0: Received scan results
** Message: 20:25:12.157: wlan0: Received scan results
** Message: 20:26:12.267: wlan0: Received scan results
** Message: 20:27:12.266: wlan0: Received scan results
** Message: 20:28:12.266: wlan0: Received scan results
** Message: 20:28:17.627: wlan0: Disassociated from Bbox-8FC48173
** Message: 20:28:17.630: Status changed to disconnected
** Message: 20:28:17.644: wlan0: Associated with Bbox-8FC48173
** Message: 20:28:17.645: Status changed to connecting
** Message: 20:28:23.204: wlan0: Configured 192.168.1.68/24
** Message: 20:28:23.204: Status changed to connected
** Message: 20:28:26.845: wlan0: Disassociated from Bbox-8FC48173
** Message: 20:28:26.848: Status changed to disconnected
** Message: 20:28:26.849: wlan0: Associated with Bbox-8FC48173
** Message: 20:28:26.852: Status changed to connecting
** Message: 20:28:32.374: wlan0: Configured 192.168.1.68/24
** Message: 20:28:32.374: Status changed to connected
** Message: 20:29:12.264: wlan0: Received scan results
** Message: 20:30:12.282: wlan0: Received scan results
** Message: 20:31:12.266: wlan0: Received scan results
** Message: 20:32:12.264: wlan0: Received scan results
** Message: 20:33:12.272: wlan0: Received scan results
** Message: 20:34:12.270: wlan0: Received scan results
** Message: 20:35:12.161: wlan0: Received scan results
** Message: 20:36:12.280: wlan0: Received scan results
** Message: 20:37:12.280: wlan0: Received scan results
** Message: 20:38:12.273: wlan0: Received scan results
** Message: 20:39:12.263: wlan0: Received scan results
